<?xml version="1.0" encoding="UTF-8"?>
<!-- Generated by org.testng.reporters.JUnitReportReporter -->
<testsuite hostname="DESKTOP-EKFF6L8" failures="0" tests="1" name="testcases.GoogleSearchResultTest" time="12.569" errors="0" timestamp="2022-08-07T10:36:59 EET" skipped="0">
  <testcase classname="testcases.GoogleSearchResultTest" name="scrollandnextpage" time="12.569"/>
  <system-out/>
</testsuite> <!-- testcases.GoogleSearchResultTest -->
