<?xml version="1.0" encoding="UTF-8"?>
<!-- Generated by org.testng.reporters.JUnitReportReporter -->
<testsuite hostname="DESKTOP-EKFF6L8" failures="0" tests="3" name="testcases.GoogleMainPageTest" time="16.860" errors="0" timestamp="2022-08-07T10:36:59 EET" skipped="1">
  <testcase classname="testcases.GoogleMainPageTest" name="GooglePageTitle" time="9.328"/>
  <system-out/>
  <testcase classname="testcases.GoogleMainPageTest" name="GoogleLogo" time="7.532"/>
  <system-out/>
  <testcase classname="testcases.GoogleMainPageTest" name="Searchingoogletest" time="0.000">
    <skipped/>
  </testcase> <!-- Searchingoogletest -->
  <system-out/>
</testsuite> <!-- testcases.GoogleMainPageTest -->
