<?xml version="1.0" encoding="UTF-8"?>
<!-- Generated by org.testng.reporters.JUnitReportReporter -->
<testsuite hostname="DESKTOP-EKFF6L8" failures="0" tests="1" name="testcases.GooglePageThreeTest" time="26.052" errors="0" timestamp="2022-08-07T10:36:59 EET" skipped="0">
  <testcase classname="testcases.GooglePageThreeTest" name="pagenumbervalidation" time="26.052"/>
  <system-out/>
</testsuite> <!-- testcases.GooglePageThreeTest -->
