<?xml version="1.0" encoding="UTF-8"?>
<!-- Generated by org.testng.reporters.JUnitReportReporter -->
<testsuite hostname="DESKTOP-EKFF6L8" failures="0" tests="2" name="testcases.GooglePageTwoTest" time="26.553" errors="0" timestamp="2022-08-07T10:36:59 EET" skipped="0">
  <testcase classname="testcases.GooglePageTwoTest" name="countlinksonpage" time="12.934"/>
  <system-out/>
  <testcase classname="testcases.GooglePageTwoTest" name="scrollandnextpage" time="13.619"/>
  <system-out/>
</testsuite> <!-- testcases.GooglePageTwoTest -->
